2019-05-05T23:17:53.098-0700 I CONTROL  [initandlisten] MongoDB starting : pid=23563 port=27017 dbpath=/vm/kevin/crunch/report/db/ 64-bit host=127x13.csc.calpoly.edu
2019-05-05T23:17:53.098-0700 I CONTROL  [initandlisten] db version v4.0.3
2019-05-05T23:17:53.098-0700 I CONTROL  [initandlisten] git version: 7ea530946fa7880364d88c8d8b6026bbc9ffa48c
2019-05-05T23:17:53.098-0700 I CONTROL  [initandlisten] OpenSSL version: OpenSSL 1.1.1b  26 Feb 2019
2019-05-05T23:17:53.098-0700 I CONTROL  [initandlisten] allocator: tcmalloc
2019-05-05T23:17:53.098-0700 I CONTROL  [initandlisten] modules: none
2019-05-05T23:17:53.098-0700 I CONTROL  [initandlisten] build environment:
2019-05-05T23:17:53.098-0700 I CONTROL  [initandlisten]     distarch: x86_64
2019-05-05T23:17:53.098-0700 I CONTROL  [initandlisten]     target_arch: x86_64
2019-05-05T23:17:53.098-0700 I CONTROL  [initandlisten] options: { net: { port: 27017 }, security: { javascriptEnabled: false }, storage: { dbPath: "/vm/kevin/crunch/report/db/", directoryPerDB: true }, systemLog: { destination: "file", path: "/vm/kevin/crunch/report/db/log.log", quiet: true } }
2019-05-05T23:17:53.098-0700 W STORAGE  [initandlisten] Detected unclean shutdown - /vm/kevin/crunch/report/db/mongod.lock is not empty.
2019-05-05T23:17:53.098-0700 I STORAGE  [initandlisten] Detected data files in /vm/kevin/crunch/report/db/ created by the 'wiredTiger' storage engine, so setting the active storage engine to 'wiredTiger'.
2019-05-05T23:17:53.098-0700 W STORAGE  [initandlisten] Recovering data from the last clean checkpoint.
2019-05-05T23:17:53.098-0700 I STORAGE  [initandlisten] 
2019-05-05T23:17:53.098-0700 I STORAGE  [initandlisten] ** WARNING: Using the XFS filesystem is strongly recommended with the WiredTiger storage engine
2019-05-05T23:17:53.098-0700 I STORAGE  [initandlisten] **          See http://dochub.mongodb.org/core/prodnotes-filesystem
2019-05-05T23:17:53.098-0700 I STORAGE  [initandlisten] wiredtiger_open config: create,cache_size=15443M,session_max=20000,eviction=(threads_min=4,threads_max=4),config_base=false,statistics=(fast),log=(enabled=true,archive=true,path=journal,compressor=snappy),file_manager=(close_idle_time=100000),statistics_log=(wait=0),verbose=(recovery_progress),
2019-05-05T23:17:54.004-0700 I STORAGE  [initandlisten] WiredTiger message [1557123474:4801][23563:0x7f6eddc1e9c0], txn-recover: Main recovery loop: starting at 4/2441984
2019-05-05T23:17:54.005-0700 I STORAGE  [initandlisten] WiredTiger message [1557123474:5086][23563:0x7f6eddc1e9c0], txn-recover: Recovering log 4 through 5
2019-05-05T23:17:54.060-0700 I STORAGE  [initandlisten] WiredTiger message [1557123474:60549][23563:0x7f6eddc1e9c0], txn-recover: Recovering log 5 through 5
2019-05-05T23:17:54.107-0700 I STORAGE  [initandlisten] WiredTiger message [1557123474:107963][23563:0x7f6eddc1e9c0], txn-recover: Set global recovery timestamp: 0
2019-05-05T23:17:54.110-0700 I RECOVERY [initandlisten] WiredTiger recoveryTimestamp. Ts: Timestamp(0, 0)
2019-05-05T23:17:54.228-0700 I CONTROL  [initandlisten] 
2019-05-05T23:17:54.228-0700 I CONTROL  [initandlisten] ** WARNING: Access control is not enabled for the database.
2019-05-05T23:17:54.228-0700 I CONTROL  [initandlisten] **          Read and write access to data and configuration is unrestricted.
2019-05-05T23:17:54.228-0700 I CONTROL  [initandlisten] 
2019-05-05T23:17:54.228-0700 I CONTROL  [initandlisten] ** WARNING: This server is bound to localhost.
2019-05-05T23:17:54.228-0700 I CONTROL  [initandlisten] **          Remote systems will be unable to connect to this server. 
2019-05-05T23:17:54.228-0700 I CONTROL  [initandlisten] **          Start the server with --bind_ip <address> to specify which IP 
2019-05-05T23:17:54.228-0700 I CONTROL  [initandlisten] **          addresses it should serve responses from, or with --bind_ip_all to
2019-05-05T23:17:54.228-0700 I CONTROL  [initandlisten] **          bind to all interfaces. If this behavior is desired, start the
2019-05-05T23:17:54.228-0700 I CONTROL  [initandlisten] **          server with --bind_ip 127.0.0.1 to disable this warning.
2019-05-05T23:17:54.228-0700 I CONTROL  [initandlisten] 
2019-05-05T23:17:54.228-0700 I CONTROL  [initandlisten] 
2019-05-05T23:17:54.228-0700 I CONTROL  [initandlisten] ** WARNING: /sys/kernel/mm/transparent_hugepage/enabled is 'always'.
2019-05-05T23:17:54.228-0700 I CONTROL  [initandlisten] **        We suggest setting it to 'never'
2019-05-05T23:17:54.228-0700 I CONTROL  [initandlisten] 
2019-05-05T23:17:54.228-0700 I CONTROL  [initandlisten] ** WARNING: /sys/kernel/mm/transparent_hugepage/defrag is 'always'.
2019-05-05T23:17:54.228-0700 I CONTROL  [initandlisten] **        We suggest setting it to 'never'
2019-05-05T23:17:54.228-0700 I CONTROL  [initandlisten] 
2019-05-05T23:17:54.330-0700 I FTDC     [initandlisten] Initializing full-time diagnostic data capture with directory '/vm/kevin/crunch/report/db/diagnostic.data'
2019-05-05T23:17:54.331-0700 I NETWORK  [initandlisten] waiting for connections on port 27017
2019-05-05T23:17:54.572-0700 I NETWORK  [conn1] end connection 127.0.0.1:42756 (0 connections now open)
2019-05-05T23:17:54.577-0700 I NETWORK  [conn2] received client metadata from 127.0.0.1:42758 conn2: { driver: { name: "PyMongo", version: "3.7.2" }, os: { type: "Linux", name: "Linux", architecture: "x86_64", version: "3.10.0-862.6.3.el7.x86_64" }, platform: "CPython 3.6.7.final.0" }
2019-05-05T23:17:54.578-0700 I NETWORK  [conn3] received client metadata from 127.0.0.1:42760 conn3: { driver: { name: "PyMongo", version: "3.7.2" }, os: { type: "Linux", name: "Linux", architecture: "x86_64", version: "3.10.0-862.6.3.el7.x86_64" }, platform: "CPython 3.6.7.final.0" }
